[2021-03-29T14:35:37.633286+02:00] main.INFO: Db connection established successfully.... [] []
[2021-03-29T14:37:20.721193+02:00] main.INFO: Db connection established successfully withselectAll query.... [] []
[2021-03-29T14:39:05.321240+02:00] main.INFO: Db connection established successfully with selectAll query.... [] []
[2021-03-29T14:39:58.885522+02:00] main.INFO: Db connection established successfully with selectById query.... [] []
[2021-03-29T14:40:43.553084+02:00] main.INFO: Db connection established successfully with selectById query.... [] []
[2021-03-29T14:40:54.274630+02:00] main.INFO: Db connection established successfully with selectById query.... [] []
[2021-03-29T15:34:21.366600+02:00] main.INFO: Db connection established successfully with selectAll query.... [] []
[2021-03-29T15:41:21.766341+02:00] main.INFO: Db connection established successfully with selectAll query.... [] []
[2021-03-29T15:41:46.171816+02:00] main.INFO: Db connection established successfully with selectAll query.... [] []
[2021-03-29T15:42:02.213413+02:00] main.INFO: Db connection established successfully with selectAll query.... [] []
[2021-03-29T15:44:41.865645+02:00] main.INFO: Db connection established successfully with selectAll query.... [] []
[2021-03-29T15:44:51.439443+02:00] main.INFO: Db connection established successfully with selectAll query.... [] []
[2021-03-29T15:47:11.601367+02:00] main.INFO: Db connection established successfully with selectAll query.... [] []
[2021-03-29T15:47:52.311191+02:00] main.INFO: Db connection established successfully with selectById query.... [] []
[2021-03-29T15:51:53.227238+02:00] main.INFO: Db connection established successfully with selectAll query.... [] []
[2021-03-29T15:57:52.331085+02:00] main.INFO: Db connection established successfully with selectAll query.... [] []
[2021-03-29T15:59:33.185816+02:00] main.INFO: Db connection established successfully with selectAll query.... [] []
[2021-03-29T16:00:14.340499+02:00] main.INFO: Db connection established successfully with selectAll query.... [] []
[2021-03-29T16:05:46.576567+02:00] main.INFO: Db connection established successfully with selectAll query.... [] []
[2021-03-29T16:08:53.123431+02:00] main.INFO: Db connection established successfully with selectAll query.... [] []
[2021-03-29T16:08:53.140077+02:00] main.INFO: Db connection established successfully with selectAll query.... [] []
[2021-03-29T16:08:53.147549+02:00] main.INFO: Db connection established successfully with selectAll query.... [] []
[2021-03-29T16:08:53.155339+02:00] main.INFO: Db connection established successfully with selectAll query.... [] []
[2021-03-29T16:08:53.165293+02:00] main.INFO: Db connection established successfully with selectAll query.... [] []
[2021-03-29T16:08:53.175104+02:00] main.INFO: Db connection established successfully with selectAll query.... [] []
[2021-03-29T16:08:53.198539+02:00] main.INFO: Db connection established successfully with selectAll query.... [] []
[2021-03-29T16:08:53.210468+02:00] main.INFO: Db connection established successfully with selectAll query.... [] []
[2021-03-29T16:08:53.241456+02:00] main.INFO: Db connection established successfully with selectAll query.... [] []
[2021-03-29T16:08:53.249360+02:00] main.INFO: Db connection established successfully with selectAll query.... [] []
[2021-03-29T16:08:53.257948+02:00] main.INFO: Db connection established successfully with selectAll query.... [] []
[2021-03-29T16:08:53.265789+02:00] main.INFO: Db connection established successfully with selectAll query.... [] []
[2021-03-29T16:08:53.288129+02:00] main.INFO: Db connection established successfully with selectAll query.... [] []
[2021-03-29T16:08:53.295542+02:00] main.INFO: Db connection established successfully with selectAll query.... [] []
[2021-03-29T16:08:53.305239+02:00] main.INFO: Db connection established successfully with selectAll query.... [] []
[2021-03-29T16:08:53.313048+02:00] main.INFO: Db connection established successfully with selectAll query.... [] []
[2021-03-29T16:08:53.323554+02:00] main.INFO: Db connection established successfully with selectAll query.... [] []
[2021-03-29T16:08:53.334657+02:00] main.INFO: Db connection established successfully with selectAll query.... [] []
[2021-03-29T16:08:53.365344+02:00] main.INFO: Db connection established successfully with selectAll query.... [] []
[2021-03-29T16:08:53.372987+02:00] main.INFO: Db connection established successfully with selectAll query.... [] []
[2021-03-29T16:08:53.382849+02:00] main.INFO: Db connection established successfully with selectAll query.... [] []
[2021-03-29T16:08:53.412270+02:00] main.INFO: Db connection established successfully with selectAll query.... [] []
[2021-03-29T16:08:53.419786+02:00] main.INFO: Db connection established successfully with selectAll query.... [] []
[2021-03-29T16:08:53.428503+02:00] main.INFO: Db connection established successfully with selectAll query.... [] []
[2021-03-29T16:08:53.436048+02:00] main.INFO: Db connection established successfully with selectAll query.... [] []
[2021-03-29T16:08:53.445424+02:00] main.INFO: Db connection established successfully with selectAll query.... [] []
[2021-03-29T16:08:53.473372+02:00] main.INFO: Db connection established successfully with selectAll query.... [] []
[2021-03-29T16:08:53.482182+02:00] main.INFO: Db connection established successfully with selectAll query.... [] []
[2021-03-29T16:08:53.491025+02:00] main.INFO: Db connection established successfully with selectAll query.... [] []
[2021-03-29T16:08:53.499033+02:00] main.INFO: Db connection established successfully with selectAll query.... [] []
[2021-03-29T16:08:53.508293+02:00] main.INFO: Db connection established successfully with selectAll query.... [] []
[2021-03-29T16:08:53.518684+02:00] main.INFO: Db connection established successfully with selectAll query.... [] []
[2021-03-29T16:08:53.536335+02:00] main.INFO: Db connection established successfully with selectAll query.... [] []
[2021-03-29T16:08:53.544645+02:00] main.INFO: Db connection established successfully with selectAll query.... [] []
[2021-03-29T16:08:53.553749+02:00] main.INFO: Db connection established successfully with selectAll query.... [] []
[2021-03-29T16:08:53.563763+02:00] main.INFO: Db connection established successfully with selectAll query.... [] []
[2021-03-29T16:08:53.583810+02:00] main.INFO: Db connection established successfully with selectAll query.... [] []
[2021-03-29T16:08:53.592017+02:00] main.INFO: Db connection established successfully with selectAll query.... [] []
[2021-03-29T16:08:53.601092+02:00] main.INFO: Db connection established successfully with selectAll query.... [] []
[2021-03-29T16:08:53.609230+02:00] main.INFO: Db connection established successfully with selectAll query.... [] []
[2021-03-29T16:08:53.617612+02:00] main.INFO: Db connection established successfully with selectAll query.... [] []
[2021-03-29T16:08:53.628705+02:00] main.INFO: Db connection established successfully with selectAll query.... [] []
[2021-03-29T16:08:53.646734+02:00] main.INFO: Db connection established successfully with selectAll query.... [] []
[2021-03-29T16:08:53.654210+02:00] main.INFO: Db connection established successfully with selectAll query.... [] []
[2021-03-29T16:08:53.679550+02:00] main.INFO: Db connection established successfully with selectAll query.... [] []
[2021-03-29T16:08:53.687311+02:00] main.INFO: Db connection established successfully with selectAll query.... [] []
[2021-03-29T16:08:53.696627+02:00] main.INFO: Db connection established successfully with selectAll query.... [] []
[2021-03-29T16:08:53.707789+02:00] main.INFO: Db connection established successfully with selectAll query.... [] []
[2021-03-29T16:08:53.715687+02:00] main.INFO: Db connection established successfully with selectAll query.... [] []
[2021-03-29T16:08:53.727384+02:00] main.INFO: Db connection established successfully with selectAll query.... [] []
[2021-03-29T16:08:53.756497+02:00] main.INFO: Db connection established successfully with selectAll query.... [] []
[2021-03-29T16:08:53.788381+02:00] main.INFO: Db connection established successfully with selectAll query.... [] []
[2021-03-29T16:08:53.796728+02:00] main.INFO: Db connection established successfully with selectAll query.... [] []
[2021-03-29T16:08:53.819847+02:00] main.INFO: Db connection established successfully with selectAll query.... [] []
[2021-03-29T16:08:53.828263+02:00] main.INFO: Db connection established successfully with selectAll query.... [] []
[2021-03-29T16:08:53.837490+02:00] main.INFO: Db connection established successfully with selectAll query.... [] []
[2021-03-29T16:08:53.866340+02:00] main.INFO: Db connection established successfully with selectAll query.... [] []
[2021-03-29T16:08:53.897620+02:00] main.INFO: Db connection established successfully with selectAll query.... [] []
[2021-03-29T16:08:53.905264+02:00] main.INFO: Db connection established successfully with selectAll query.... [] []
[2021-03-29T16:08:53.914838+02:00] main.INFO: Db connection established successfully with selectAll query.... [] []
[2021-03-29T16:08:53.946022+02:00] main.INFO: Db connection established successfully with selectAll query.... [] []
[2021-03-29T16:08:53.953421+02:00] main.INFO: Db connection established successfully with selectAll query.... [] []
[2021-03-29T16:08:53.978415+02:00] main.INFO: Db connection established successfully with selectAll query.... [] []
[2021-03-29T16:08:53.986279+02:00] main.INFO: Db connection established successfully with selectAll query.... [] []
[2021-03-29T16:08:53.995370+02:00] main.INFO: Db connection established successfully with selectAll query.... [] []
[2021-03-29T16:08:54.005646+02:00] main.INFO: Db connection established successfully with selectAll query.... [] []
[2021-03-29T16:08:54.014144+02:00] main.INFO: Db connection established successfully with selectAll query.... [] []
[2021-03-29T16:08:54.029019+02:00] main.INFO: Db connection established successfully with selectAll query.... [] []
[2021-03-29T16:08:54.039582+02:00] main.INFO: Db connection established successfully with selectAll query.... [] []
[2021-03-29T16:08:54.047915+02:00] main.INFO: Db connection established successfully with selectAll query.... [] []
[2021-03-29T16:08:54.057702+02:00] main.INFO: Db connection established successfully with selectAll query.... [] []
[2021-03-29T16:08:54.085383+02:00] main.INFO: Db connection established successfully with selectAll query.... [] []
[2021-03-29T16:08:54.093293+02:00] main.INFO: Db connection established successfully with selectAll query.... [] []
[2021-03-29T16:08:54.101883+02:00] main.INFO: Db connection established successfully with selectAll query.... [] []
[2021-03-29T16:08:54.109644+02:00] main.INFO: Db connection established successfully with selectAll query.... [] []
[2021-03-29T16:08:54.118325+02:00] main.INFO: Db connection established successfully with selectAll query.... [] []
[2021-03-29T16:08:54.128913+02:00] main.INFO: Db connection established successfully with selectAll query.... [] []
[2021-03-29T16:08:54.137025+02:00] main.INFO: Db connection established successfully with selectAll query.... [] []
[2021-03-29T16:08:54.146915+02:00] main.INFO: Db connection established successfully with selectAll query.... [] []
[2021-03-29T16:08:54.178660+02:00] main.INFO: Db connection established successfully with selectAll query.... [] []
[2021-03-29T16:08:54.186330+02:00] main.INFO: Db connection established successfully with selectAll query.... [] []
[2021-03-29T16:08:54.195713+02:00] main.INFO: Db connection established successfully with selectAll query.... [] []
[2021-03-29T16:08:54.207510+02:00] main.INFO: Db connection established successfully with selectAll query.... [] []
[2021-03-29T16:08:54.215760+02:00] main.INFO: Db connection established successfully with selectAll query.... [] []
[2021-03-29T16:08:54.240979+02:00] main.INFO: Db connection established successfully with selectAll query.... [] []
[2021-03-29T16:08:54.248914+02:00] main.INFO: Db connection established successfully with selectAll query.... [] []
[2021-03-29T16:08:54.258374+02:00] main.INFO: Db connection established successfully with selectAll query.... [] []
[2021-03-29T16:08:54.287042+02:00] main.INFO: Db connection established successfully with selectAll query.... [] []
[2021-03-29T16:08:54.294606+02:00] main.INFO: Db connection established successfully with selectAll query.... [] []
[2021-03-29T16:08:54.303501+02:00] main.INFO: Db connection established successfully with selectAll query.... [] []
[2021-03-29T16:08:54.313989+02:00] main.INFO: Db connection established successfully with selectAll query.... [] []
[2021-03-29T16:08:54.321979+02:00] main.INFO: Db connection established successfully with selectAll query.... [] []
[2021-03-29T16:08:54.334037+02:00] main.INFO: Db connection established successfully with selectAll query.... [] []
[2021-03-29T16:08:54.342204+02:00] main.INFO: Db connection established successfully with selectAll query.... [] []
[2021-03-29T16:08:54.351206+02:00] main.INFO: Db connection established successfully with selectAll query.... [] []
[2021-03-29T16:08:54.379671+02:00] main.INFO: Db connection established successfully with selectAll query.... [] []
[2021-03-29T16:08:54.387513+02:00] main.INFO: Db connection established successfully with selectAll query.... [] []
[2021-03-29T16:08:54.397291+02:00] main.INFO: Db connection established successfully with selectAll query.... [] []
[2021-03-29T16:08:54.427119+02:00] main.INFO: Db connection established successfully with selectAll query.... [] []
[2021-03-29T16:08:54.459246+02:00] main.INFO: Db connection established successfully with selectAll query.... [] []
[2021-03-29T16:08:54.490618+02:00] main.INFO: Db connection established successfully with selectAll query.... [] []
[2021-03-29T16:08:54.498271+02:00] main.INFO: Db connection established successfully with selectAll query.... [] []
[2021-03-29T16:08:54.520430+02:00] main.INFO: Db connection established successfully with selectAll query.... [] []
[2021-03-29T16:08:54.551601+02:00] main.INFO: Db connection established successfully with selectAll query.... [] []
[2021-03-29T16:08:54.559676+02:00] main.INFO: Db connection established successfully with selectAll query.... [] []
[2021-03-29T16:08:54.568525+02:00] main.INFO: Db connection established successfully with selectAll query.... [] []
[2021-03-29T16:08:54.580424+02:00] main.INFO: Db connection established successfully with selectAll query.... [] []
[2021-03-29T16:08:54.598879+02:00] main.INFO: Db connection established successfully with selectAll query.... [] []
[2021-03-29T16:08:54.606993+02:00] main.INFO: Db connection established successfully with selectAll query.... [] []
[2021-03-29T16:08:54.615807+02:00] main.INFO: Db connection established successfully with selectAll query.... [] []
[2021-03-29T16:08:54.626234+02:00] main.INFO: Db connection established successfully with selectAll query.... [] []
[2021-03-29T16:08:54.645180+02:00] main.INFO: Db connection established successfully with selectAll query.... [] []
[2021-03-29T16:08:54.653024+02:00] main.INFO: Db connection established successfully with selectAll query.... [] []
[2021-03-29T16:08:54.662188+02:00] main.INFO: Db connection established successfully with selectAll query.... [] []
[2021-03-29T16:08:54.672468+02:00] main.INFO: Db connection established successfully with selectAll query.... [] []
[2021-03-29T16:08:54.679994+02:00] main.INFO: Db connection established successfully with selectAll query.... [] []
[2021-03-29T16:08:54.690845+02:00] main.INFO: Db connection established successfully with selectAll query.... [] []
[2021-03-29T16:08:54.724258+02:00] main.INFO: Db connection established successfully with selectAll query.... [] []
[2021-03-29T16:08:54.731853+02:00] main.INFO: Db connection established successfully with selectAll query.... [] []
[2021-03-29T16:08:54.755910+02:00] main.INFO: Db connection established successfully with selectAll query.... [] []
[2021-03-29T16:08:54.786845+02:00] main.INFO: Db connection established successfully with selectAll query.... [] []
[2021-03-29T16:08:54.818781+02:00] main.INFO: Db connection established successfully with selectAll query.... [] []
[2021-03-29T16:08:54.849605+02:00] main.INFO: Db connection established successfully with selectAll query.... [] []
[2021-03-29T16:08:54.857709+02:00] main.INFO: Db connection established successfully with selectAll query.... [] []
[2021-03-29T16:08:54.866368+02:00] main.INFO: Db connection established successfully with selectAll query.... [] []
[2021-03-29T16:08:54.876630+02:00] main.INFO: Db connection established successfully with selectAll query.... [] []
[2021-03-29T16:08:54.884564+02:00] main.INFO: Db connection established successfully with selectAll query.... [] []
[2021-03-29T16:08:54.895213+02:00] main.INFO: Db connection established successfully with selectAll query.... [] []
[2021-03-29T16:08:54.927756+02:00] main.INFO: Db connection established successfully with selectAll query.... [] []
[2021-03-29T16:08:54.935640+02:00] main.INFO: Db connection established successfully with selectAll query.... [] []
[2021-03-29T16:08:54.945078+02:00] main.INFO: Db connection established successfully with selectAll query.... [] []
[2021-03-29T16:08:54.956590+02:00] main.INFO: Db connection established successfully with selectAll query.... [] []
[2021-03-29T16:08:54.964879+02:00] main.INFO: Db connection established successfully with selectAll query.... [] []
[2021-03-29T16:08:54.977772+02:00] main.INFO: Db connection established successfully with selectAll query.... [] []
[2021-03-29T16:08:55.006221+02:00] main.INFO: Db connection established successfully with selectAll query.... [] []
[2021-03-29T16:08:55.036637+02:00] main.INFO: Db connection established successfully with selectAll query.... [] []
[2021-03-29T16:08:55.068206+02:00] main.INFO: Db connection established successfully with selectAll query.... [] []
[2021-03-29T16:08:55.075991+02:00] main.INFO: Db connection established successfully with selectAll query.... [] []
[2021-03-29T16:08:55.084384+02:00] main.INFO: Db connection established successfully with selectAll query.... [] []
[2021-03-29T16:08:55.096080+02:00] main.INFO: Db connection established successfully with selectAll query.... [] []
[2021-03-29T16:08:55.103528+02:00] main.INFO: Db connection established successfully with selectAll query.... [] []
[2021-03-29T16:08:55.130456+02:00] main.INFO: Db connection established successfully with selectAll query.... [] []
[2021-03-29T16:08:55.161839+02:00] main.INFO: Db connection established successfully with selectAll query.... [] []
[2021-03-29T16:08:55.169763+02:00] main.INFO: Db connection established successfully with selectAll query.... [] []
[2021-03-29T16:08:55.178980+02:00] main.INFO: Db connection established successfully with selectAll query.... [] []
[2021-03-29T16:08:55.189202+02:00] main.INFO: Db connection established successfully with selectAll query.... [] []
[2021-03-29T16:08:55.212526+02:00] main.INFO: Db connection established successfully with selectAll query.... [] []
[2021-03-29T16:08:55.240618+02:00] main.INFO: Db connection established successfully with selectAll query.... [] []
[2021-03-29T16:08:55.272068+02:00] main.INFO: Db connection established successfully with selectAll query.... [] []
[2021-03-29T16:08:55.280039+02:00] main.INFO: Db connection established successfully with selectAll query.... [] []
[2021-03-29T16:08:55.289049+02:00] main.INFO: Db connection established successfully with selectAll query.... [] []
[2021-03-29T16:08:55.299209+02:00] main.INFO: Db connection established successfully with selectAll query.... [] []
[2021-03-29T16:08:55.317484+02:00] main.INFO: Db connection established successfully with selectAll query.... [] []
[2021-03-29T16:09:03.309532+02:00] main.INFO: Db connection established successfully with selectAll query.... [] []
[2021-03-29T16:09:03.327036+02:00] main.INFO: Db connection established successfully with selectAll query.... [] []
[2021-03-29T16:09:03.335301+02:00] main.INFO: Db connection established successfully with selectAll query.... [] []
[2021-03-29T16:09:03.364562+02:00] main.INFO: Db connection established successfully with selectAll query.... [] []
[2021-03-29T16:09:03.372319+02:00] main.INFO: Db connection established successfully with selectAll query.... [] []
[2021-03-29T16:09:03.381876+02:00] main.INFO: Db connection established successfully with selectAll query.... [] []
[2021-03-29T16:09:03.389157+02:00] main.INFO: Db connection established successfully with selectAll query.... [] []
[2021-03-29T16:09:03.398346+02:00] main.INFO: Db connection established successfully with selectAll query.... [] []
[2021-03-29T16:09:03.409598+02:00] main.INFO: Db connection established successfully with selectAll query.... [] []
[2021-03-29T16:09:03.431700+02:00] main.INFO: Db connection established successfully with selectAll query.... [] []
[2021-03-29T16:09:03.461454+02:00] main.INFO: Db connection established successfully with selectAll query.... [] []
[2021-03-29T16:09:03.489619+02:00] main.INFO: Db connection established successfully with selectAll query.... [] []
[2021-03-29T16:09:03.497786+02:00] main.INFO: Db connection established successfully with selectAll query.... [] []
[2021-03-29T16:09:03.506206+02:00] main.INFO: Db connection established successfully with selectAll query.... [] []
[2021-03-29T16:09:03.516900+02:00] main.INFO: Db connection established successfully with selectAll query.... [] []
[2021-03-29T16:09:03.549613+02:00] main.INFO: Db connection established successfully with selectAll query.... [] []
[2021-03-29T16:09:03.557739+02:00] main.INFO: Db connection established successfully with selectAll query.... [] []
[2021-03-29T16:09:03.566622+02:00] main.INFO: Db connection established successfully with selectAll query.... [] []
[2021-03-29T16:09:03.574552+02:00] main.INFO: Db connection established successfully with selectAll query.... [] []
[2021-03-29T16:09:03.583086+02:00] main.INFO: Db connection established successfully with selectAll query.... [] []
[2021-03-29T16:09:03.612958+02:00] main.INFO: Db connection established successfully with selectAll query.... [] []
[2021-03-29T16:09:03.620684+02:00] main.INFO: Db connection established successfully with selectAll query.... [] []
[2021-03-29T16:09:03.629806+02:00] main.INFO: Db connection established successfully with selectAll query.... [] []
[2021-03-29T16:09:03.637424+02:00] main.INFO: Db connection established successfully with selectAll query.... [] []
[2021-03-29T16:09:03.646530+02:00] main.INFO: Db connection established successfully with selectAll query.... [] []
[2021-03-29T16:09:03.654118+02:00] main.INFO: Db connection established successfully with selectAll query.... [] []
[2021-03-29T16:09:03.663254+02:00] main.INFO: Db connection established successfully with selectAll query.... [] []
[2021-03-29T16:09:03.674104+02:00] main.INFO: Db connection established successfully with selectAll query.... [] []
[2021-03-29T16:09:03.708374+02:00] main.INFO: Db connection established successfully with selectAll query.... [] []
[2021-03-29T16:09:03.715806+02:00] main.INFO: Db connection established successfully with selectAll query.... [] []
[2021-03-29T16:09:03.725466+02:00] main.INFO: Db connection established successfully with selectAll query.... [] []
[2021-03-29T16:09:03.736763+02:00] main.INFO: Db connection established successfully with selectAll query.... [] []
[2021-03-29T16:09:03.769399+02:00] main.INFO: Db connection established successfully with selectAll query.... [] []
[2021-03-29T16:09:03.777202+02:00] main.INFO: Db connection established successfully with selectAll query.... [] []
[2021-03-29T16:09:03.786150+02:00] main.INFO: Db connection established successfully with selectAll query.... [] []
[2021-03-29T16:09:03.797221+02:00] main.INFO: Db connection established successfully with selectAll query.... [] []
[2021-03-29T16:09:03.815331+02:00] main.INFO: Db connection established successfully with selectAll query.... [] []
[2021-03-29T16:09:03.823209+02:00] main.INFO: Db connection established successfully with selectAll query.... [] []
[2021-03-29T16:09:03.832116+02:00] main.INFO: Db connection established successfully with selectAll query.... [] []
[2021-03-29T16:09:03.840165+02:00] main.INFO: Db connection established successfully with selectAll query.... [] []
[2021-03-29T16:09:03.848993+02:00] main.INFO: Db connection established successfully with selectAll query.... [] []
[2021-03-29T16:09:03.859775+02:00] main.INFO: Db connection established successfully with selectAll query.... [] []
[2021-03-29T16:09:03.878886+02:00] main.INFO: Db connection established successfully with selectAll query.... [] []
[2021-03-29T16:09:03.886727+02:00] main.INFO: Db connection established successfully with selectAll query.... [] []
[2021-03-29T16:09:03.895347+02:00] main.INFO: Db connection established successfully with selectAll query.... [] []
[2021-03-29T16:09:03.906237+02:00] main.INFO: Db connection established successfully with selectAll query.... [] []
[2021-03-29T16:09:03.914681+02:00] main.INFO: Db connection established successfully with selectAll query.... [] []
[2021-03-29T16:09:03.924609+02:00] main.INFO: Db connection established successfully with selectAll query.... [] []
[2021-03-29T16:09:03.932200+02:00] main.INFO: Db connection established successfully with selectAll query.... [] []
[2021-03-29T16:09:03.941320+02:00] main.INFO: Db connection established successfully with selectAll query.... [] []
[2021-03-29T16:09:03.971863+02:00] main.INFO: Db connection established successfully with selectAll query.... [] []
[2021-03-29T16:09:03.980551+02:00] main.INFO: Db connection established successfully with selectAll query.... [] []
[2021-03-29T16:09:03.989460+02:00] main.INFO: Db connection established successfully with selectAll query.... [] []
[2021-03-29T16:09:04.017783+02:00] main.INFO: Db connection established successfully with selectAll query.... [] []
[2021-03-29T16:09:04.025986+02:00] main.INFO: Db connection established successfully with selectAll query.... [] []
[2021-03-29T16:09:04.034420+02:00] main.INFO: Db connection established successfully with selectAll query.... [] []
[2021-03-29T16:09:04.042618+02:00] main.INFO: Db connection established successfully with selectAll query.... [] []
[2021-03-29T16:09:04.057663+02:00] main.INFO: Db connection established successfully with selectAll query.... [] []
[2021-03-29T16:09:04.066165+02:00] main.INFO: Db connection established successfully with selectAll query.... [] []
[2021-03-29T16:09:04.077458+02:00] main.INFO: Db connection established successfully with selectAll query.... [] []
[2021-03-29T16:09:04.097904+02:00] main.INFO: Db connection established successfully with selectAll query.... [] []
[2021-03-29T16:09:04.108148+02:00] main.INFO: Db connection established successfully with selectAll query.... [] []
[2021-03-29T16:09:04.115735+02:00] main.INFO: Db connection established successfully with selectAll query.... [] []
[2021-03-29T16:09:04.126594+02:00] main.INFO: Db connection established successfully with selectAll query.... [] []
[2021-03-29T16:09:04.134042+02:00] main.INFO: Db connection established successfully with selectAll query.... [] []
[2021-03-29T16:09:04.143331+02:00] main.INFO: Db connection established successfully with selectAll query.... [] []
[2021-03-29T16:09:04.171327+02:00] main.INFO: Db connection established successfully with selectAll query.... [] []
[2021-03-29T16:09:04.204412+02:00] main.INFO: Db connection established successfully with selectAll query.... [] []
[2021-03-29T16:09:04.217306+02:00] main.INFO: Db connection established successfully with selectAll query.... [] []
[2021-03-29T16:09:04.236222+02:00] main.INFO: Db connection established successfully with selectAll query.... [] []
[2021-03-29T16:09:04.266229+02:00] main.INFO: Db connection established successfully with selectAll query.... [] []
[2021-03-29T16:09:04.274256+02:00] main.INFO: Db connection established successfully with selectAll query.... [] []
[2021-03-29T16:09:04.283043+02:00] main.INFO: Db connection established successfully with selectAll query.... [] []
[2021-03-29T16:09:04.293733+02:00] main.INFO: Db connection established successfully with selectAll query.... [] []
[2021-03-29T16:09:04.312590+02:00] main.INFO: Db connection established successfully with selectAll query.... [] []
[2021-03-29T16:09:04.320076+02:00] main.INFO: Db connection established successfully with selectAll query.... [] []
[2021-03-29T16:09:04.329565+02:00] main.INFO: Db connection established successfully with selectAll query.... [] []
[2021-03-29T16:09:04.340434+02:00] main.INFO: Db connection established successfully with selectAll query.... [] []
[2021-03-29T16:09:04.358940+02:00] main.INFO: Db connection established successfully with selectAll query.... [] []
[2021-03-29T16:09:04.366877+02:00] main.INFO: Db connection established successfully with selectAll query.... [] []
[2021-03-29T16:09:04.376783+02:00] main.INFO: Db connection established successfully with selectAll query.... [] []
[2021-03-29T16:09:04.403482+02:00] main.INFO: Db connection established successfully with selectAll query.... [] []
[2021-03-29T16:09:04.411310+02:00] main.INFO: Db connection established successfully with selectAll query.... [] []
[2021-03-29T16:09:04.419906+02:00] main.INFO: Db connection established successfully with selectAll query.... [] []
[2021-03-29T16:09:04.427758+02:00] main.INFO: Db connection established successfully with selectAll query.... [] []
[2021-03-29T16:09:04.436597+02:00] main.INFO: Db connection established successfully with selectAll query.... [] []
[2021-03-29T16:09:04.447465+02:00] main.INFO: Db connection established successfully with selectAll query.... [] []
[2021-03-29T16:09:04.455676+02:00] main.INFO: Db connection established successfully with selectAll query.... [] []
[2021-03-29T16:09:04.467264+02:00] main.INFO: Db connection established successfully with selectAll query.... [] []
[2021-03-29T16:09:04.479256+02:00] main.INFO: Db connection established successfully with selectAll query.... [] []
[2021-03-29T16:09:04.487227+02:00] main.INFO: Db connection established successfully with selectAll query.... [] []
[2021-03-29T16:09:04.498360+02:00] main.INFO: Db connection established successfully with selectAll query.... [] []
[2021-03-29T16:09:04.506601+02:00] main.INFO: Db connection established successfully with selectAll query.... [] []
[2021-03-29T16:09:04.515496+02:00] main.INFO: Db connection established successfully with selectAll query.... [] []
[2021-03-29T16:09:04.522703+02:00] main.INFO: Db connection established successfully with selectAll query.... [] []
[2021-03-29T16:09:04.531327+02:00] main.INFO: Db connection established successfully with selectAll query.... [] []
[2021-03-29T16:09:04.539264+02:00] main.INFO: Db connection established successfully with selectAll query.... [] []
[2021-03-29T16:09:04.548723+02:00] main.INFO: Db connection established successfully with selectAll query.... [] []
[2021-03-29T16:09:04.576687+02:00] main.INFO: Db connection established successfully with selectAll query.... [] []
[2021-03-29T16:09:04.584553+02:00] main.INFO: Db connection established successfully with selectAll query.... [] []
[2021-03-29T16:09:04.594105+02:00] main.INFO: Db connection established successfully with selectAll query.... [] []
[2021-03-29T16:09:04.603968+02:00] main.INFO: Db connection established successfully with selectAll query.... [] []
[2021-03-29T16:09:04.624128+02:00] main.INFO: Db connection established successfully with selectAll query.... [] []
[2021-03-29T16:09:04.632053+02:00] main.INFO: Db connection established successfully with selectAll query.... [] []
[2021-03-29T16:09:04.641419+02:00] main.INFO: Db connection established successfully with selectAll query.... [] []
[2021-03-29T16:09:04.651308+02:00] main.INFO: Db connection established successfully with selectAll query.... [] []
[2021-03-29T16:09:04.670315+02:00] main.INFO: Db connection established successfully with selectAll query.... [] []
[2021-03-29T16:09:04.678020+02:00] main.INFO: Db connection established successfully with selectAll query.... [] []
[2021-03-29T16:09:04.686937+02:00] main.INFO: Db connection established successfully with selectAll query.... [] []
[2021-03-29T16:09:04.697221+02:00] main.INFO: Db connection established successfully with selectAll query.... [] []
[2021-03-29T16:09:04.717631+02:00] main.INFO: Db connection established successfully with selectAll query.... [] []
[2021-03-29T16:09:04.729403+02:00] main.INFO: Db connection established successfully with selectAll query.... [] []
[2021-03-29T16:09:04.747576+02:00] main.INFO: Db connection established successfully with selectAll query.... [] []
[2021-03-29T16:09:04.755655+02:00] main.INFO: Db connection established successfully with selectAll query.... [] []
[2021-03-29T16:09:04.777785+02:00] main.INFO: Db connection established successfully with selectAll query.... [] []
[2021-03-29T16:09:04.785623+02:00] main.INFO: Db connection established successfully with selectAll query.... [] []
[2021-03-29T16:09:04.794573+02:00] main.INFO: Db connection established successfully with selectAll query.... [] []
[2021-03-29T16:09:04.805750+02:00] main.INFO: Db connection established successfully with selectAll query.... [] []
[2021-03-29T16:09:04.813321+02:00] main.INFO: Db connection established successfully with selectAll query.... [] []
[2021-03-29T16:09:04.823895+02:00] main.INFO: Db connection established successfully with selectAll query.... [] []
[2021-03-29T16:09:04.855032+02:00] main.INFO: Db connection established successfully with selectAll query.... [] []
[2021-03-29T16:09:04.863217+02:00] main.INFO: Db connection established successfully with selectAll query.... [] []
[2021-03-29T16:09:04.872647+02:00] main.INFO: Db connection established successfully with selectAll query.... [] []
[2021-03-29T16:09:04.902874+02:00] main.INFO: Db connection established successfully with selectAll query.... [] []
[2021-03-29T16:09:04.934057+02:00] main.INFO: Db connection established successfully with selectAll query.... [] []
[2021-03-29T16:09:04.941848+02:00] main.INFO: Db connection established successfully with selectAll query.... [] []
[2021-03-29T16:09:04.950231+02:00] main.INFO: Db connection established successfully with selectAll query.... [] []
[2021-03-29T16:09:04.958692+02:00] main.INFO: Db connection established successfully with selectAll query.... [] []
[2021-03-29T16:09:04.970061+02:00] main.INFO: Db connection established successfully with selectAll query.... [] []
[2021-03-29T16:09:04.980994+02:00] main.INFO: Db connection established successfully with selectAll query.... [] []
[2021-03-29T16:09:05.011711+02:00] main.INFO: Db connection established successfully with selectAll query.... [] []
[2021-03-29T16:09:05.019539+02:00] main.INFO: Db connection established successfully with selectAll query.... [] []
[2021-03-29T16:09:05.028247+02:00] main.INFO: Db connection established successfully with selectAll query.... [] []
[2021-03-29T16:09:05.039007+02:00] main.INFO: Db connection established successfully with selectAll query.... [] []
[2021-03-29T16:09:05.062041+02:00] main.INFO: Db connection established successfully with selectAll query.... [] []
[2021-03-29T16:09:05.090048+02:00] main.INFO: Db connection established successfully with selectAll query.... [] []
[2021-03-29T16:09:05.120249+02:00] main.INFO: Db connection established successfully with selectAll query.... [] []
[2021-03-29T16:09:05.128047+02:00] main.INFO: Db connection established successfully with selectAll query.... [] []
[2021-03-29T16:09:05.137593+02:00] main.INFO: Db connection established successfully with selectAll query.... [] []
[2021-03-29T16:09:05.145145+02:00] main.INFO: Db connection established successfully with selectAll query.... [] []
[2021-03-29T16:09:05.154077+02:00] main.INFO: Db connection established successfully with selectAll query.... [] []
[2021-03-29T16:09:05.165217+02:00] main.INFO: Db connection established successfully with selectAll query.... [] []
[2021-03-29T16:09:05.183258+02:00] main.INFO: Db connection established successfully with selectAll query.... [] []
[2021-03-29T16:09:05.191048+02:00] main.INFO: Db connection established successfully with selectAll query.... [] []
[2021-03-29T16:09:05.200108+02:00] main.INFO: Db connection established successfully with selectAll query.... [] []
[2021-03-29T16:09:05.211555+02:00] main.INFO: Db connection established successfully with selectAll query.... [] []
[2021-03-29T16:09:05.219368+02:00] main.INFO: Db connection established successfully with selectAll query.... [] []
[2021-03-29T16:09:05.230055+02:00] main.INFO: Db connection established successfully with selectAll query.... [] []
[2021-03-29T16:09:05.261204+02:00] main.INFO: Db connection established successfully with selectAll query.... [] []
[2021-03-29T16:09:05.269017+02:00] main.INFO: Db connection established successfully with selectAll query.... [] []
[2021-03-29T16:09:05.292700+02:00] main.INFO: Db connection established successfully with selectAll query.... [] []
[2021-03-29T16:09:05.300577+02:00] main.INFO: Db connection established successfully with selectAll query.... [] []
[2021-03-29T16:09:05.309856+02:00] main.INFO: Db connection established successfully with selectAll query.... [] []
[2021-03-29T16:09:19.440014+02:00] main.INFO: Db connection established successfully with selectAll query.... [] []
[2021-03-29T16:09:19.456990+02:00] main.INFO: Db connection established successfully with selectAll query.... [] []
[2021-03-29T16:09:38.307548+02:00] main.INFO: Db connection established successfully with selectAll query.... [] []
[2021-03-29T16:09:45.675985+02:00] main.INFO: Db connection established successfully with selectAll query.... [] []
[2021-03-29T16:10:53.813976+02:00] main.INFO: Db connection established successfully with selectAll query.... [] []
[2021-03-29T16:11:08.867985+02:00] main.INFO: Db connection established successfully with selectAll query.... [] []
[2021-03-29T16:11:19.605473+02:00] main.INFO: Db connection established successfully with selectById query.... [] []
[2021-03-29T16:19:15.505134+02:00] main.INFO: Db connection established successfully with selectAll query.... [] []
[2021-03-29T16:19:19.898627+02:00] main.INFO: Db connection established successfully with selectById query.... [] []
[2021-03-29T16:19:45.613462+02:00] main.INFO: Db connection established successfully with selectById query.... [] []
[2021-03-29T16:20:35.502674+02:00] main.INFO: Db connection established successfully with selectById query.... [] []
[2021-03-29T16:20:51.823377+02:00] main.INFO: Db connection established successfully with selectById query.... [] []
[2021-03-29T16:21:04.577185+02:00] main.INFO: Db connection established successfully with selectById query.... [] []
[2021-03-29T16:21:42.165563+02:00] main.INFO: Db connection established successfully with selectById query.... [] []
[2021-03-29T16:21:48.040278+02:00] main.INFO: Db connection established successfully with selectAll query.... [] []
[2021-03-29T16:23:46.192393+02:00] main.INFO: Db connection established successfully with selectAll query.... [] []
[2021-03-29T16:23:48.011076+02:00] main.INFO: Db connection established successfully with selectById query.... [] []
[2021-03-29T16:24:15.546126+02:00] main.INFO: Db connection established successfully with insertUser query.... [] []
[2021-03-29T16:24:20.468006+02:00] main.INFO: Db connection established successfully with selectAll query.... [] []
[2021-03-29T16:25:10.318008+02:00] main.INFO: Db connection established successfully with selectAll query.... [] []
[2021-03-29T16:25:18.541953+02:00] main.INFO: Db connection established successfully with selectById query.... [] []
[2021-03-29T16:26:22.945196+02:00] main.INFO: Db connection established successfully with selectById query.... [] []
[2021-03-29T16:26:26.623137+02:00] main.INFO: Db connection established successfully with selectAll query.... [] []
[2021-03-29T16:26:56.120257+02:00] main.INFO: Db connection established successfully with selectAll query.... [] []
[2021-03-29T16:27:37.261511+02:00] main.INFO: Db connection established successfully with selectAll query.... [] []
[2021-03-29T16:28:50.367382+02:00] main.INFO: Db connection established successfully with selectAll query.... [] []
[2021-03-29T16:29:22.825921+02:00] main.INFO: Db connection established successfully with selectAll query.... [] []
[2021-03-29T16:30:44.931523+02:00] main.INFO: Db connection established successfully with selectAll query.... [] []
[2021-03-29T16:31:22.192443+02:00] main.INFO: Db connection established successfully with selectAll query.... [] []
[2021-03-29T16:31:33.431324+02:00] main.INFO: Db connection established successfully with selectById query.... [] []
[2021-03-29T16:32:44.934974+02:00] main.INFO: Db connection established successfully with selectById query.... [] []
[2021-03-29T16:32:53.057539+02:00] main.INFO: Db connection established successfully with selectAll query.... [] []
[2021-03-29T16:33:16.141834+02:00] main.INFO: Db connection established successfully with selectAll query.... [] []
[2021-03-29T16:33:49.188023+02:00] main.INFO: Db connection established successfully with selectAll query.... [] []
[2021-03-29T16:34:23.002107+02:00] main.INFO: Db connection established successfully with selectAll query.... [] []
[2021-03-29T16:34:26.513116+02:00] main.INFO: Db connection established successfully with selectById query.... [] []
[2021-03-29T16:35:30.770925+02:00] main.INFO: Db connection established successfully with selectAll query.... [] []
[2021-03-29T16:36:05.620969+02:00] main.INFO: Db connection established successfully with selectAll query.... [] []
[2021-03-29T16:36:31.806544+02:00] main.INFO: Db connection established successfully with selectAll query.... [] []
[2021-03-29T16:36:51.671170+02:00] main.INFO: Db connection established successfully with selectAll query.... [] []
[2021-03-29T16:37:31.146469+02:00] main.INFO: Db connection established successfully with selectAll query.... [] []
[2021-03-29T16:37:54.926777+02:00] main.INFO: Db connection established successfully with insertUser query.... [] []
[2021-03-29T16:38:02.499494+02:00] main.INFO: Db connection established successfully with selectAll query.... [] []
[2021-03-29T16:38:48.328614+02:00] main.INFO: Db connection established successfully with insertUser query.... [] []
[2021-03-29T16:38:55.912928+02:00] main.INFO: Db connection established successfully with selectById query.... [] []
[2021-03-29T16:39:14.337589+02:00] main.INFO: Db connection established successfully with selectById query.... [] []
[2021-03-29T16:39:24.060538+02:00] main.INFO: Db connection established successfully with selectAll query.... [] []
[2021-03-29T16:42:53.592729+02:00] main.INFO: Db connection established successfully with selectAll query.... [] []
[2021-03-29T16:45:18.306905+02:00] main.INFO: Db connection established successfully with selectAll query.... [] []
[2021-03-29T16:46:53.431560+02:00] main.INFO: Db connection established successfully with selectAll query.... [] []
[2021-03-29T16:47:17.105160+02:00] main.INFO: Db connection established successfully with selectById query.... [] []
[2021-03-29T16:48:51.988927+02:00] main.INFO: Db connection established successfully with insertUser query.... [] []
[2021-03-29T16:48:58.319727+02:00] main.INFO: Db connection established successfully with selectAll query.... [] []
[2021-03-29T16:49:07.708469+02:00] main.INFO: Db connection established successfully with selectById query.... [] []
[2021-03-29T16:50:14.942640+02:00] bluesky info:.INFO: Db connection established successfully with selectById query.... [] []
[2021-03-29T16:50:44.149683+02:00] bluesky.INFO: Db connection established successfully with selectById query.... [] []
[2021-03-29T16:54:49.054187+02:00] bluesky.INFO: Db connection established successfully with selectById query.... [] []
[2021-03-29T16:55:17.483838+02:00] bluesky.INFO: Db connection established successfully with selectById query.... [] []
[2021-03-29T16:55:19.089359+02:00] bluesky.INFO: Db connection established successfully with selectById query.... [] []
[2021-03-29T16:55:30.605039+02:00] bluesky.INFO: Db connection established successfully with selectById query.... [] []
[2021-03-29T16:57:28.596812+02:00] bluesky.INFO: Db connection established successfully with selectById query.... [] []
[2021-03-29T16:57:28.598300+02:00] bluesky.WARNING: This is a log warning! ^_^  [] []
[2021-03-29T16:57:28.598338+02:00] bluesky.ERROR: This is a log error! ^_^  [] []
[2021-03-29T16:58:29.711869+02:00] bluesky.INFO: Db connection established successfully with selectAll query.... [] []
[2021-03-29T17:11:29.826017+02:00] bluesky.INFO: Db connection established successfully with selectAll query.... [] []
[2021-03-29T17:33:21.355334+02:00] bluesky.INFO: Db connection established successfully with selectAll query.... [] []
[2021-03-29T17:43:26.098966+02:00] bluesky.INFO: Db connection established successfully with selectAll query.... [] []
[2021-03-29T18:42:42.617379+02:00] bluesky.INFO: Db connection established successfully with insertUser query.... [] []
[2021-03-29T18:43:29.800167+02:00] bluesky.INFO: Db connection established successfully with insertUser query.... [] []
[2021-03-29T18:43:38.147003+02:00] bluesky.INFO: Db connection established successfully with selectAll query.... [] []
[2021-03-29T18:43:50.877239+02:00] bluesky.INFO: Db connection established successfully with selectById query.... [] []
[2021-03-30T04:52:20.229008+02:00] bluesky.INFO: Db connection established successfully with selectAll query.... [] []
[2021-03-30T04:52:29.396129+02:00] bluesky.INFO: Db connection established successfully with selectAll query.... [] []
[2021-03-30T04:52:46.284785+02:00] bluesky.INFO: Db connection established successfully with selectAll query.... [] []
[2021-03-30T04:53:06.179421+02:00] bluesky.INFO: Db connection established successfully with selectById query.... [] []
[2021-03-30T05:12:58.066018+02:00] bluesky.INFO: Db connection established successfully with selectAll query.... [] []
